<?xml version="1.0" encoding="UTF-8"?>
<testng-results ignored="0" total="1" passed="1" failed="0" skipped="0">
  <reporter-output>
  </reporter-output>
  <suite started-at="2023-12-25T12:36:39 EST" name="Default suite" finished-at="2023-12-25T12:36:56 EST" duration-ms="16886">
    <groups>
    </groups>
    <test started-at="2023-12-25T12:36:39 EST" name="Default test" finished-at="2023-12-25T12:36:56 EST" duration-ms="16886">
      <class name="ecommerce.batch8Testng.NewTest4facebook">
        <test-method is-config="true" signature="beforeTest()[pri:0, instance:ecommerce.batch8Testng.NewTest4facebook@346d61be]" started-at="2023-12-25T12:36:39 EST" name="beforeTest" finished-at="2023-12-25T12:36:49 EST" duration-ms="9718" status="PASS">
          <reporter-output>
          </reporter-output>
        </test-method> <!-- beforeTest -->
        <test-method signature="Test1()[pri:0, instance:ecommerce.batch8Testng.NewTest4facebook@346d61be]" started-at="2023-12-25T12:36:49 EST" name="Test1" finished-at="2023-12-25T12:36:55 EST" duration-ms="6011" status="PASS">
          <reporter-output>
          </reporter-output>
        </test-method> <!-- Test1 -->
        <test-method is-config="true" signature="afterTest()[pri:0, instance:ecommerce.batch8Testng.NewTest4facebook@346d61be]" started-at="2023-12-25T12:36:55 EST" name="afterTest" finished-at="2023-12-25T12:36:56 EST" duration-ms="1112" status="PASS">
          <reporter-output>
          </reporter-output>
        </test-method> <!-- afterTest -->
      </class> <!-- ecommerce.batch8Testng.NewTest4facebook -->
    </test> <!-- Default test -->
  </suite> <!-- Default suite -->
</testng-results>
